<?xml version="1.0" encoding="UTF-8"?>
<!-- Generated by org.testng.reporters.JUnitReportReporter -->
<testsuite hostname="DESKTOP-HNRALPK" failures="0" tests="1" name="ShoppersStack_TestScripts.TC02_Verify_user_is_able_to_delete_address_or_not" time="18.381" errors="0" timestamp="2025-08-13T12:37:44 IST" skipped="0">
  <testcase classname="ShoppersStack_TestScripts.TC02_Verify_user_is_able_to_delete_address_or_not" name="deleteAddress" time="18.381"/>
</testsuite> <!-- ShoppersStack_TestScripts.TC02_Verify_user_is_able_to_delete_address_or_not -->
