<?xml version="1.0" encoding="UTF-8"?>
<!-- Generated by org.testng.reporters.JUnitReportReporter -->
<testsuite hostname="DESKTOP-HNRALPK" failures="0" tests="1" name="ShoppersStack_TestScripts.TC01_Verify_user_is_able_to_add_address_or_not" time="22.183" errors="0" timestamp="2025-08-12T19:28:30 IST" skipped="0">
  <testcase classname="ShoppersStack_TestScripts.TC01_Verify_user_is_able_to_add_address_or_not" name="addAddress" time="22.183"/>
</testsuite> <!-- ShoppersStack_TestScripts.TC01_Verify_user_is_able_to_add_address_or_not -->
