<?xml version="1.0" encoding="UTF-8"?>
<!-- Generated by org.testng.reporters.JUnitReportReporter -->
<testsuite hostname="DESKTOP-HNRALPK" failures="0" tests="1" name="ShoppersStack_TestScripts.TC02_Verify_user_is_able_to_delete_address_or_notTest" time="22.808" errors="0" timestamp="2025-08-14T12:15:36 IST" skipped="0">
  <testcase classname="ShoppersStack_TestScripts.TC02_Verify_user_is_able_to_delete_address_or_notTest" name="deleteAddress" time="22.808"/>
</testsuite> <!-- ShoppersStack_TestScripts.TC02_Verify_user_is_able_to_delete_address_or_notTest -->
