<?xml version="1.0" encoding="UTF-8"?>
<!-- Generated by org.testng.reporters.JUnitReportReporter -->
<testsuite hostname="DESKTOP-HNRALPK" failures="0" tests="1" name="ShoppersStack_TestScripts.TC01_Verify_user_is_able_to_add_address_or_notTest" time="24.055" errors="0" timestamp="2025-08-14T11:40:59 IST" skipped="0">
  <testcase classname="ShoppersStack_TestScripts.TC01_Verify_user_is_able_to_add_address_or_notTest" name="addAddress" time="24.055"/>
</testsuite> <!-- ShoppersStack_TestScripts.TC01_Verify_user_is_able_to_add_address_or_notTest -->
